C:\USERS\FRANCIS NONG\DOCUMENTS\GITHUB\LAB2\STACKADT_FN_SW\STACKADT_FN_SW\DEBUG\MAIN.OBJ
C:\USERS\FRANCIS NONG\DOCUMENTS\GITHUB\LAB2\STACKADT_FN_SW\STACKADT_FN_SW\DEBUG\SINGLYLINKEDLIST.OBJ
C:\USERS\FRANCIS NONG\DOCUMENTS\GITHUB\LAB2\STACKADT_FN_SW\STACKADT_FN_SW\DEBUG\VC110.PDB
C:\USERS\FRANCIS NONG\DOCUMENTS\GITHUB\LAB2\STACKADT_FN_SW\DEBUG\STACKADT_FN_SW.ILK
C:\USERS\FRANCIS NONG\DOCUMENTS\GITHUB\LAB2\STACKADT_FN_SW\DEBUG\STACKADT_FN_SW.EXE
C:\USERS\FRANCIS NONG\DOCUMENTS\GITHUB\LAB2\STACKADT_FN_SW\DEBUG\STACKADT_FN_SW.PDB
C:\Users\Francis Nong\Documents\GitHub\Lab2\StackADT_FN_SW\StackADT_FN_SW\Debug\main.obj
C:\Users\Francis Nong\Documents\GitHub\Lab2\StackADT_FN_SW\StackADT_FN_SW\Debug\SinglyLinkedList.obj
C:\Users\Francis Nong\Documents\GitHub\Lab2\StackADT_FN_SW\StackADT_FN_SW\Debug\cl.command.1.tlog
C:\Users\Francis Nong\Documents\GitHub\Lab2\StackADT_FN_SW\StackADT_FN_SW\Debug\CL.read.1.tlog
C:\Users\Francis Nong\Documents\GitHub\Lab2\StackADT_FN_SW\StackADT_FN_SW\Debug\CL.write.1.tlog
C:\Users\Francis Nong\Documents\GitHub\Lab2\StackADT_FN_SW\StackADT_FN_SW\Debug\link-cvtres.read.1.tlog
C:\Users\Francis Nong\Documents\GitHub\Lab2\StackADT_FN_SW\StackADT_FN_SW\Debug\link-cvtres.write.1.tlog
C:\Users\Francis Nong\Documents\GitHub\Lab2\StackADT_FN_SW\StackADT_FN_SW\Debug\link-rc.read.1.tlog
C:\Users\Francis Nong\Documents\GitHub\Lab2\StackADT_FN_SW\StackADT_FN_SW\Debug\link-rc.write.1.tlog
C:\Users\Francis Nong\Documents\GitHub\Lab2\StackADT_FN_SW\StackADT_FN_SW\Debug\link.command.1.tlog
C:\Users\Francis Nong\Documents\GitHub\Lab2\StackADT_FN_SW\StackADT_FN_SW\Debug\link.read.1.tlog
C:\Users\Francis Nong\Documents\GitHub\Lab2\StackADT_FN_SW\StackADT_FN_SW\Debug\link.write.1.tlog
C:\Users\Francis Nong\Documents\GitHub\Lab2\StackADT_FN_SW\StackADT_FN_SW\Debug\vc110.idb
C:\Users\Francis Nong\Documents\GitHub\Lab2\StackADT_FN_SW\StackADT_FN_SW\Debug\vc110.pdb
C:\Users\Francis Nong\Documents\GitHub\Lab2\StackADT_FN_SW\Debug\StackADT_FN_SW.pdb
C:\Users\Francis Nong\Documents\GitHub\Lab2\StackADT_FN_SW\Debug\StackADT_FN_SW.exe
C:\Users\Francis Nong\Documents\GitHub\Lab2\StackADT_FN_SW\Debug\StackADT_FN_SW.ilk
